<?xml version="1.0" encoding="UTF-8"?>
<!-- Generated by org.testng.reporters.JUnitXMLReporter -->
<testsuite ignored="0" hostname="ZA-5CD350K5XK" failures="1" tests="44" name="Takealot Automation Tests" time="1901.377" errors="0" timestamp="2024-08-21T08:52:06 SAST">
  <testcase classname="tests.HomePageTest" name="verifyTitle" time="0.903"/>
  <testcase classname="tests.HomePageTest" name="verifyNavigateToRegister" time="7.548"/>
  <testcase classname="tests.HomePageTest" name="verifyNavigateToLogin" time="8.216"/>
  <testcase classname="tests.HomePageTest" name="verifyNavigateToCart" time="8.748"/>
  <testcase classname="tests.HomePageTest" name="verifySearchFunctionality" time="17.035"/>
  <testcase classname="tests.HomePageTest" name="verifySearchFunctionality" time="14.424"/>
  <testcase classname="tests.HomePageTest" name="verifySearchFunctionality" time="15.563"/>
  <testcase classname="tests.HomePageTest" name="verifySearchFunctionality" time="14.993"/>
  <testcase classname="tests.HomePageTest" name="verifySearchFunctionality" time="14.794"/>
  <testcase classname="tests.HomePageTest" name="verifySearchFunctionality" time="49.41"/>
  <testcase classname="tests.HomePageTest" name="verifySearchFunctionality" time="87.38"/>
  <testcase classname="tests.HomePageTest" name="verifySearchFunctionality" time="33.103"/>
  <testcase classname="tests.HomePageTest" name="verifySearchFunctionality" time="34.816"/>
  <testcase classname="tests.HomePageTest" name="verifySearchFunctionality" time="34.059"/>
  <testcase classname="tests.ProductsPageTest" name="verifyIsResultsVisible" time="0.265"/>
  <testcase classname="tests.ProductsPageTest" name="verifyProductsRetrieval" time="70.695"/>
  <testcase classname="tests.ProductsPageTest" name="verifyFilteredProducts" time="0.246"/>
  <testcase classname="tests.ProductsPageTest" name="verifyGetProductByPrice" time="0.227"/>
  <testcase classname="tests.ProductsPageTest" name="verifyProductDetails" time="96.488">
    <failure type="java.lang.AssertionError" message="Product price does not match expected [27595.00] but found [27078.00]">
      <![CDATA[java.lang.AssertionError: Product price does not match expected [27595.00] but found [27078.00]
at tests.ProductsPageTest.verifyProductDetails(ProductsPageTest.java:178)
at java.base/java.util.ArrayList.forEach(ArrayList.java:1541)
... Removed 31 stack frames]]>
    </failure>
  </testcase> <!-- verifyProductDetails -->
  <testcase classname="tests.ProductsPageTest" name="verifyProductDetails" time="92.231"/>
  <testcase classname="tests.ProductsPageTest" name="verifyProductDetails" time="161.721"/>
  <testcase classname="tests.ProductsPageTest" name="verifyProductDetails" time="90.111"/>
  <testcase classname="tests.ProductsPageTest" name="verifyProductAddToCart" time="90.916"/>
  <testcase classname="tests.RegistrationPageTest" name="verifyRegistration" time="39.428"/>
  <testcase classname="tests.RegistrationPageTest" name="verifyRegistration" time="50.853"/>
  <testcase classname="tests.RegistrationPageTest" name="verifyRegistration" time="34.609"/>
  <testcase classname="tests.RegistrationPageTest" name="verifyRegistration" time="42.422"/>
  <testcase classname="tests.RegistrationPageTest" name="verifyRegistration" time="32.75"/>
  <testcase classname="tests.RegistrationPageTest" name="verifyRegistration" time="32.782"/>
  <testcase classname="tests.RegistrationPageTest" name="verifyRegistration" time="32.675"/>
  <testcase classname="tests.RegistrationPageTest" name="verifyRegistration" time="29.847"/>
  <testcase classname="tests.RegistrationPageTest" name="verifyRegistration" time="33.235"/>
  <testcase classname="tests.RegistrationPageTest" name="verifyRegistration" time="32.115"/>
  <testcase classname="tests.RegistrationPageTest" name="verifyRegistration" time="41.194"/>
  <testcase classname="tests.LoginPageTest" name="verifyLogin" time="9.821"/>
  <testcase classname="tests.LoginPageTest" name="verifyLogin" time="12.153"/>
  <testcase classname="tests.LoginPageTest" name="verifyLogin" time="26.675"/>
  <testcase classname="tests.LoginPageTest" name="verifyLogin" time="27.964"/>
  <testcase classname="tests.CartPageTest" name="verifyCartIsEmpty" time="0.492"/>
  <testcase classname="tests.CartPageTest" name="verifyCartNotEmpty" time="130.031"/>
  <testcase classname="tests.CartPageTest" name="verifyItemDetailsInCart" time="251.428"/>
  <testcase classname="tests.CartPageTest" name="verifyTotalCartPrice" time="0.589"/>
  <testcase classname="tests.CartPageTest" name="verifyRemovalOfItemFromCart" time="3.836"/>
  <testcase classname="tests.CartPageTest" name="verifyMoveItemToWishlist" time="4.164"/>
</testsuite> <!-- Takealot Automation Tests -->
