<?xml version="1.0" encoding="UTF-8"?>
<!-- Generated by org.testng.reporters.JUnitXMLReporter -->
<testsuite ignored="0" hostname="ZA-5CD350K5XK" failures="1" tests="44" name="Takealot Automation Tests" time="623.439" errors="0" timestamp="2024-08-21T15:19:22 SAST">
  <testcase classname="tests.HomePageTest" name="verifyTitle" time="4.447"/>
  <testcase classname="tests.HomePageTest" name="verifyNavigateToRegister" time="3.526"/>
  <testcase classname="tests.HomePageTest" name="verifyNavigateToLogin" time="2.864"/>
  <testcase classname="tests.HomePageTest" name="verifyNavigateToCart" time="4.848"/>
  <testcase classname="tests.HomePageTest" name="verifySearchFunctionality" time="7.705"/>
  <testcase classname="tests.HomePageTest" name="verifySearchFunctionality" time="6.114"/>
  <testcase classname="tests.HomePageTest" name="verifySearchFunctionality" time="6.316"/>
  <testcase classname="tests.HomePageTest" name="verifySearchFunctionality" time="6.374"/>
  <testcase classname="tests.HomePageTest" name="verifySearchFunctionality" time="7.021"/>
  <testcase classname="tests.HomePageTest" name="verifySearchFunctionality" time="10.573"/>
  <testcase classname="tests.HomePageTest" name="verifySearchFunctionality" time="7.336"/>
  <testcase classname="tests.HomePageTest" name="verifySearchFunctionality" time="20.151"/>
  <testcase classname="tests.HomePageTest" name="verifySearchFunctionality" time="19.998"/>
  <testcase classname="tests.HomePageTest" name="verifySearchFunctionality" time="21.852"/>
  <testcase classname="tests.ProductsPageTest" name="verifyIsResultsVisible" time="0.237"/>
  <testcase classname="tests.ProductsPageTest" name="verifyProductsRetrieval" time="13.348"/>
  <testcase classname="tests.ProductsPageTest" name="verifyFilteredProducts" time="0.479"/>
  <testcase classname="tests.ProductsPageTest" name="verifyGetProductByPrice" time="0.913"/>
  <testcase classname="tests.ProductsPageTest" name="verifyProductDetails" time="33.913">
    <failure type="java.lang.AssertionError" message="Product price does not match expected [27595.00] but found [27078.00]">
      <![CDATA[java.lang.AssertionError: Product price does not match expected [27595.00] but found [27078.00]
at tests.ProductsPageTest.verifyProductDetails(ProductsPageTest.java:178)
at java.base/java.util.ArrayList.forEach(ArrayList.java:1541)
... Removed 31 stack frames]]>
    </failure>
  </testcase> <!-- verifyProductDetails -->
  <testcase classname="tests.ProductsPageTest" name="verifyProductDetails" time="26.315"/>
  <testcase classname="tests.ProductsPageTest" name="verifyProductDetails" time="20.462"/>
  <testcase classname="tests.ProductsPageTest" name="verifyProductDetails" time="27.92"/>
  <testcase classname="tests.ProductsPageTest" name="verifyProductAddToCart" time="19.269"/>
  <testcase classname="tests.RegistrationPageTest" name="verifyRegistration" time="8.782"/>
  <testcase classname="tests.RegistrationPageTest" name="verifyRegistration" time="13.273"/>
  <testcase classname="tests.RegistrationPageTest" name="verifyRegistration" time="7.784"/>
  <testcase classname="tests.RegistrationPageTest" name="verifyRegistration" time="7.975"/>
  <testcase classname="tests.RegistrationPageTest" name="verifyRegistration" time="8.032"/>
  <testcase classname="tests.RegistrationPageTest" name="verifyRegistration" time="7.977"/>
  <testcase classname="tests.RegistrationPageTest" name="verifyRegistration" time="8.013"/>
  <testcase classname="tests.RegistrationPageTest" name="verifyRegistration" time="9.047"/>
  <testcase classname="tests.RegistrationPageTest" name="verifyRegistration" time="14.383"/>
  <testcase classname="tests.RegistrationPageTest" name="verifyRegistration" time="7.823"/>
  <testcase classname="tests.RegistrationPageTest" name="verifyRegistration" time="8.408"/>
  <testcase classname="tests.LoginPageTest" name="verifyLogin" time="5.246"/>
  <testcase classname="tests.LoginPageTest" name="verifyLogin" time="4.465"/>
  <testcase classname="tests.LoginPageTest" name="verifyLogin" time="16.184"/>
  <testcase classname="tests.LoginPageTest" name="verifyLogin" time="16.058"/>
  <testcase classname="tests.CartPageTest" name="verifyCartIsEmpty" time="0.442"/>
  <testcase classname="tests.CartPageTest" name="verifyCartNotEmpty" time="43.182"/>
  <testcase classname="tests.CartPageTest" name="verifyItemDetailsInCart" time="76.425"/>
  <testcase classname="tests.CartPageTest" name="verifyTotalCartPrice" time="0.483"/>
  <testcase classname="tests.CartPageTest" name="verifyRemovalOfItemFromCart" time="1.821"/>
  <testcase classname="tests.CartPageTest" name="verifyMoveItemToWishlist" time="2.333"/>
</testsuite> <!-- Takealot Automation Tests -->
