<?xml version="1.0" encoding="UTF-8"?>
<!-- Generated by org.testng.reporters.JUnitXMLReporter -->
<testsuite ignored="0" hostname="ZA-5CD350K5XK" failures="0" tests="6" name="Default test" time="409.456" errors="0" timestamp="2024-08-19T18:27:27 SAST">
  <testcase classname="tests.CartPageTest" name="verifyCartIsEmpty" time="0.321"/>
  <testcase classname="tests.CartPageTest" name="verifyCartNotEmpty" time="146.153"/>
  <testcase classname="tests.CartPageTest" name="verifyItemDetailsInCart" time="221.86"/>
  <testcase classname="tests.CartPageTest" name="verifyTotalCartPrice" time="0.811"/>
  <testcase classname="tests.CartPageTest" name="verifyRemovalOfItemFromCart" time="5.473"/>
  <testcase classname="tests.CartPageTest" name="verifyMoveItemToWishlist" time="4.811"/>
</testsuite> <!-- Default test -->
