<?xml version="1.0" encoding="UTF-8"?>
<!-- Generated by org.testng.reporters.JUnitXMLReporter -->
<testsuite ignored="5" hostname="ZA-5CD350K5XK" failures="0" tests="1" name="Default test" time="246.764" errors="0" timestamp="2024-08-15T02:16:00 SAST">
  <testcase classname="tests.ProductsPageTest" name="verifyProductAddToCart" time="230.969"/>
  <testcase classname="tests.ProductsPageTest" name="verifyGetProductByPrice" time="0.0">
    <ignored/>
  </testcase> <!-- verifyGetProductByPrice -->
  <testcase classname="tests.ProductsPageTest" name="verifyProductDetails" time="0.0">
    <ignored/>
  </testcase> <!-- verifyProductDetails -->
  <testcase classname="tests.ProductsPageTest" name="verifyIsResultsVisible" time="0.0">
    <ignored/>
  </testcase> <!-- verifyIsResultsVisible -->
  <testcase classname="tests.ProductsPageTest" name="verifyFilteredProducts" time="0.0">
    <ignored/>
  </testcase> <!-- verifyFilteredProducts -->
  <testcase classname="tests.ProductsPageTest" name="verifyProductsRetrieval" time="0.0">
    <ignored/>
  </testcase> <!-- verifyProductsRetrieval -->
</testsuite> <!-- Default test -->
