<?xml version="1.0" encoding="UTF-8"?>
<!-- Generated by org.testng.reporters.JUnitXMLReporter -->
<testsuite ignored="0" hostname="ZA-5CD350K5XK" failures="0" tests="10" name="Takealot Automation Tests" time="45.368" errors="0" timestamp="2024-08-09T22:21:24 SAST">
  <testcase classname="tests.HomePageTest" name="verifySearchFunctionality" time="3.891"/>
  <testcase classname="tests.HomePageTest" name="verifySearchFunctionality" time="2.439"/>
  <testcase classname="tests.HomePageTest" name="verifySearchFunctionality" time="3.209"/>
  <testcase classname="tests.HomePageTest" name="verifySearchFunctionality" time="2.539"/>
  <testcase classname="tests.HomePageTest" name="verifySearchFunctionality" time="2.412"/>
  <testcase classname="tests.HomePageTest" name="verifySearchFunctionality" time="2.911"/>
  <testcase classname="tests.HomePageTest" name="verifySearchFunctionality" time="3.162"/>
  <testcase classname="tests.HomePageTest" name="verifySearchFunctionality" time="2.332"/>
  <testcase classname="tests.HomePageTest" name="verifySearchFunctionality" time="2.336"/>
  <testcase classname="tests.HomePageTest" name="verifySearchFunctionality" time="1.842"/>
</testsuite> <!-- Takealot Automation Tests -->
