<?xml version="1.0" encoding="UTF-8"?>
<testng-results ignored="0" total="44" passed="43" failed="1" skipped="0">
  <reporter-output>
  </reporter-output>
  <suite started-at="2024-08-21T15:08:57 SAST" name="Takealot Suite" finished-at="2024-08-21T15:19:21 SAST" duration-ms="623439">
    <groups>
      <group name="wishlist">
        <method signature="CartPageTest.verifyMoveItemToWishlist()[pri:22, instance:tests.CartPageTest@cf65451]" name="verifyMoveItemToWishlist" class="tests.CartPageTest"/>
      </group> <!-- wishlist -->
      <group name="login">
        <method signature="HomePageTest.verifyNavigateToLogin()[pri:12, instance:tests.HomePageTest@460f76a6]" name="verifyNavigateToLogin" class="tests.HomePageTest"/>
        <method signature="LoginPageTest.verifyLogin(java.lang.String,java.lang.String,java.lang.String,java.lang.String,java.lang.String)[pri:15, instance:tests.LoginPageTest@f415a95]" name="verifyLogin" class="tests.LoginPageTest"/>
      </group> <!-- login -->
      <group name="cart">
        <method signature="ProductsPageTest.verifyProductAddToCart()[pri:10, instance:tests.ProductsPageTest@12cd9150]" name="verifyProductAddToCart" class="tests.ProductsPageTest"/>
        <method signature="HomePageTest.verifyNavigateToCart()[pri:13, instance:tests.HomePageTest@460f76a6]" name="verifyNavigateToCart" class="tests.HomePageTest"/>
        <method signature="CartPageTest.verifyCartIsEmpty()[pri:17, instance:tests.CartPageTest@cf65451]" name="verifyCartIsEmpty" class="tests.CartPageTest"/>
        <method signature="CartPageTest.verifyCartNotEmpty()[pri:18, instance:tests.CartPageTest@cf65451]" name="verifyCartNotEmpty" class="tests.CartPageTest"/>
        <method signature="CartPageTest.verifyItemDetailsInCart()[pri:19, instance:tests.CartPageTest@cf65451]" name="verifyItemDetailsInCart" class="tests.CartPageTest"/>
        <method signature="CartPageTest.verifyTotalCartPrice()[pri:20, instance:tests.CartPageTest@cf65451]" name="verifyTotalCartPrice" class="tests.CartPageTest"/>
        <method signature="CartPageTest.verifyRemovalOfItemFromCart()[pri:21, instance:tests.CartPageTest@cf65451]" name="verifyRemovalOfItemFromCart" class="tests.CartPageTest"/>
        <method signature="CartPageTest.verifyMoveItemToWishlist()[pri:22, instance:tests.CartPageTest@cf65451]" name="verifyMoveItemToWishlist" class="tests.CartPageTest"/>
      </group> <!-- cart -->
      <group name="products">
        <method signature="ProductsPageTest.verifyIsResultsVisible()[pri:5, instance:tests.ProductsPageTest@12cd9150]" name="verifyIsResultsVisible" class="tests.ProductsPageTest"/>
        <method signature="ProductsPageTest.verifyProductsRetrieval()[pri:6, instance:tests.ProductsPageTest@12cd9150]" name="verifyProductsRetrieval" class="tests.ProductsPageTest"/>
        <method signature="ProductsPageTest.verifyFilteredProducts()[pri:7, instance:tests.ProductsPageTest@12cd9150]" name="verifyFilteredProducts" class="tests.ProductsPageTest"/>
        <method signature="ProductsPageTest.verifyGetProductByPrice()[pri:8, instance:tests.ProductsPageTest@12cd9150]" name="verifyGetProductByPrice" class="tests.ProductsPageTest"/>
        <method signature="ProductsPageTest.verifyProductDetails(java.lang.String,java.lang.String,java.lang.String,java.lang.String,java.lang.String,java.lang.String,java.lang.String)[pri:9, instance:tests.ProductsPageTest@12cd9150]" name="verifyProductDetails" class="tests.ProductsPageTest"/>
        <method signature="ProductsPageTest.verifyProductAddToCart()[pri:10, instance:tests.ProductsPageTest@12cd9150]" name="verifyProductAddToCart" class="tests.ProductsPageTest"/>
      </group> <!-- products -->
      <group name="search">
        <method signature="ProductsPageTest.verifyIsResultsVisible()[pri:5, instance:tests.ProductsPageTest@12cd9150]" name="verifyIsResultsVisible" class="tests.ProductsPageTest"/>
        <method signature="HomePageTest.verifySearchFunctionality(java.lang.String,java.lang.String,java.lang.String)[pri:14, instance:tests.HomePageTest@460f76a6]" name="verifySearchFunctionality" class="tests.HomePageTest"/>
      </group> <!-- search -->
      <group name="navigation">
        <method signature="HomePageTest.verifyTitle()[pri:0, instance:tests.HomePageTest@460f76a6]" name="verifyTitle" class="tests.HomePageTest"/>
        <method signature="HomePageTest.verifyNavigateToRegister()[pri:11, instance:tests.HomePageTest@460f76a6]" name="verifyNavigateToRegister" class="tests.HomePageTest"/>
        <method signature="HomePageTest.verifyNavigateToLogin()[pri:12, instance:tests.HomePageTest@460f76a6]" name="verifyNavigateToLogin" class="tests.HomePageTest"/>
        <method signature="HomePageTest.verifyNavigateToCart()[pri:13, instance:tests.HomePageTest@460f76a6]" name="verifyNavigateToCart" class="tests.HomePageTest"/>
      </group> <!-- navigation -->
      <group name="price">
        <method signature="ProductsPageTest.verifyGetProductByPrice()[pri:8, instance:tests.ProductsPageTest@12cd9150]" name="verifyGetProductByPrice" class="tests.ProductsPageTest"/>
      </group> <!-- price -->
      <group name="retrieval">
        <method signature="ProductsPageTest.verifyProductsRetrieval()[pri:6, instance:tests.ProductsPageTest@12cd9150]" name="verifyProductsRetrieval" class="tests.ProductsPageTest"/>
      </group> <!-- retrieval -->
      <group name="registration">
        <method signature="HomePageTest.verifyNavigateToRegister()[pri:11, instance:tests.HomePageTest@460f76a6]" name="verifyNavigateToRegister" class="tests.HomePageTest"/>
        <method signature="RegistrationPageTest.verifyRegistration(java.lang.String,java.lang.String,java.lang.String,java.lang.String,java.lang.String,java.lang.String,java.lang.String,java.lang.String)[pri:16, instance:tests.RegistrationPageTest@114a85c2]" name="verifyRegistration" class="tests.RegistrationPageTest"/>
      </group> <!-- registration -->
      <group name="details">
        <method signature="ProductsPageTest.verifyProductDetails(java.lang.String,java.lang.String,java.lang.String,java.lang.String,java.lang.String,java.lang.String,java.lang.String)[pri:9, instance:tests.ProductsPageTest@12cd9150]" name="verifyProductDetails" class="tests.ProductsPageTest"/>
      </group> <!-- details -->
      <group name="filtering">
        <method signature="ProductsPageTest.verifyFilteredProducts()[pri:7, instance:tests.ProductsPageTest@12cd9150]" name="verifyFilteredProducts" class="tests.ProductsPageTest"/>
      </group> <!-- filtering -->
      <group name="verification">
        <method signature="LoginPageTest.verifyLogin(java.lang.String,java.lang.String,java.lang.String,java.lang.String,java.lang.String)[pri:15, instance:tests.LoginPageTest@f415a95]" name="verifyLogin" class="tests.LoginPageTest"/>
        <method signature="RegistrationPageTest.verifyRegistration(java.lang.String,java.lang.String,java.lang.String,java.lang.String,java.lang.String,java.lang.String,java.lang.String,java.lang.String)[pri:16, instance:tests.RegistrationPageTest@114a85c2]" name="verifyRegistration" class="tests.RegistrationPageTest"/>
      </group> <!-- verification -->
      <group name="homepage">
        <method signature="HomePageTest.verifyTitle()[pri:0, instance:tests.HomePageTest@460f76a6]" name="verifyTitle" class="tests.HomePageTest"/>
        <method signature="HomePageTest.verifyNavigateToRegister()[pri:11, instance:tests.HomePageTest@460f76a6]" name="verifyNavigateToRegister" class="tests.HomePageTest"/>
        <method signature="HomePageTest.verifyNavigateToLogin()[pri:12, instance:tests.HomePageTest@460f76a6]" name="verifyNavigateToLogin" class="tests.HomePageTest"/>
        <method signature="HomePageTest.verifyNavigateToCart()[pri:13, instance:tests.HomePageTest@460f76a6]" name="verifyNavigateToCart" class="tests.HomePageTest"/>
        <method signature="HomePageTest.verifySearchFunctionality(java.lang.String,java.lang.String,java.lang.String)[pri:14, instance:tests.HomePageTest@460f76a6]" name="verifySearchFunctionality" class="tests.HomePageTest"/>
      </group> <!-- homepage -->
    </groups>
    <test started-at="2024-08-21T15:08:57 SAST" name="Takealot Automation Tests" finished-at="2024-08-21T15:19:21 SAST" duration-ms="623439">
      <class name="tests.CartPageTest">
        <test-method is-config="true" signature="setUp()[pri:0, instance:tests.CartPageTest@cf65451]" started-at="2024-08-21T15:16:51 SAST" name="setUp" finished-at="2024-08-21T15:17:14 SAST" duration-ms="22982" status="PASS">
          <reporter-output>
          </reporter-output>
        </test-method> <!-- setUp -->
        <test-method signature="verifyCartIsEmpty()[pri:17, instance:tests.CartPageTest@cf65451]" started-at="2024-08-21T15:17:14 SAST" name="verifyCartIsEmpty" finished-at="2024-08-21T15:17:14 SAST" duration-ms="442" status="PASS">
          <reporter-output>
          </reporter-output>
        </test-method> <!-- verifyCartIsEmpty -->
        <test-method signature="verifyCartNotEmpty()[pri:18, instance:tests.CartPageTest@cf65451]" started-at="2024-08-21T15:17:14 SAST" name="verifyCartNotEmpty" finished-at="2024-08-21T15:17:58 SAST" duration-ms="43182" status="PASS">
          <reporter-output>
          </reporter-output>
        </test-method> <!-- verifyCartNotEmpty -->
        <test-method signature="verifyItemDetailsInCart()[pri:19, instance:tests.CartPageTest@cf65451]" started-at="2024-08-21T15:17:58 SAST" name="verifyItemDetailsInCart" finished-at="2024-08-21T15:19:14 SAST" duration-ms="76425" status="PASS">
          <reporter-output>
          </reporter-output>
        </test-method> <!-- verifyItemDetailsInCart -->
        <test-method signature="verifyTotalCartPrice()[pri:20, instance:tests.CartPageTest@cf65451]" started-at="2024-08-21T15:19:14 SAST" name="verifyTotalCartPrice" finished-at="2024-08-21T15:19:15 SAST" duration-ms="483" status="PASS">
          <reporter-output>
          </reporter-output>
        </test-method> <!-- verifyTotalCartPrice -->
        <test-method signature="verifyRemovalOfItemFromCart()[pri:21, instance:tests.CartPageTest@cf65451]" started-at="2024-08-21T15:19:15 SAST" name="verifyRemovalOfItemFromCart" finished-at="2024-08-21T15:19:16 SAST" duration-ms="1821" status="PASS">
          <reporter-output>
          </reporter-output>
        </test-method> <!-- verifyRemovalOfItemFromCart -->
        <test-method signature="verifyMoveItemToWishlist()[pri:22, instance:tests.CartPageTest@cf65451]" started-at="2024-08-21T15:19:16 SAST" name="verifyMoveItemToWishlist" finished-at="2024-08-21T15:19:19 SAST" duration-ms="2333" status="PASS">
          <reporter-output>
          </reporter-output>
        </test-method> <!-- verifyMoveItemToWishlist -->
        <test-method is-config="true" signature="tearDown()[pri:0, instance:tests.CartPageTest@cf65451]" started-at="2024-08-21T15:19:19 SAST" name="tearDown" finished-at="2024-08-21T15:19:21 SAST" duration-ms="1905" status="PASS">
          <reporter-output>
          </reporter-output>
        </test-method> <!-- tearDown -->
      </class> <!-- tests.CartPageTest -->
      <class name="tests.ProductsPageTest">
        <test-method is-config="true" signature="setUp()[pri:0, instance:tests.ProductsPageTest@12cd9150]" started-at="2024-08-21T15:11:21 SAST" name="setUp" finished-at="2024-08-21T15:11:35 SAST" duration-ms="14281" status="PASS">
          <reporter-output>
          </reporter-output>
        </test-method> <!-- setUp -->
        <test-method signature="verifyIsResultsVisible()[pri:5, instance:tests.ProductsPageTest@12cd9150]" started-at="2024-08-21T15:11:35 SAST" name="verifyIsResultsVisible" finished-at="2024-08-21T15:11:36 SAST" duration-ms="237" status="PASS">
          <reporter-output>
          </reporter-output>
        </test-method> <!-- verifyIsResultsVisible -->
        <test-method signature="verifyProductsRetrieval()[pri:6, instance:tests.ProductsPageTest@12cd9150]" started-at="2024-08-21T15:11:36 SAST" name="verifyProductsRetrieval" finished-at="2024-08-21T15:11:49 SAST" duration-ms="13348" status="PASS">
          <reporter-output>
          </reporter-output>
        </test-method> <!-- verifyProductsRetrieval -->
        <test-method signature="verifyFilteredProducts()[pri:7, instance:tests.ProductsPageTest@12cd9150]" started-at="2024-08-21T15:11:49 SAST" name="verifyFilteredProducts" finished-at="2024-08-21T15:11:50 SAST" duration-ms="479" status="PASS">
          <reporter-output>
          </reporter-output>
        </test-method> <!-- verifyFilteredProducts -->
        <test-method signature="verifyGetProductByPrice()[pri:8, instance:tests.ProductsPageTest@12cd9150]" started-at="2024-08-21T15:11:50 SAST" name="verifyGetProductByPrice" finished-at="2024-08-21T15:11:50 SAST" duration-ms="913" status="PASS">
          <reporter-output>
          </reporter-output>
        </test-method> <!-- verifyGetProductByPrice -->
        <test-method signature="verifyProductDetails(java.lang.String,java.lang.String,java.lang.String,java.lang.String,java.lang.String,java.lang.String,java.lang.String)[pri:9, instance:tests.ProductsPageTest@12cd9150]" started-at="2024-08-21T15:11:54 SAST" name="verifyProductDetails" data-provider="productSearchData" finished-at="2024-08-21T15:12:28 SAST" duration-ms="33913" status="FAIL">
          <params>
            <param index="0">
              <value>
                <![CDATA[Apple iPhone 15 Pro Max 256GB]]>
              </value>
            </param>
            <param index="1">
              <value>
                <![CDATA[Apple]]>
              </value>
            </param>
            <param index="2">
              <value>
                <![CDATA[27595.0]]>
              </value>
            </param>
            <param index="3">
              <value>
                <![CDATA[4.8]]>
              </value>
            </param>
            <param index="4">
              <value>
                <![CDATA[40.0]]>
              </value>
            </param>
            <param index="5">
              <value>
                <![CDATA[smartphones]]>
              </value>
            </param>
            <param index="6">
              <value>
                <![CDATA[yes]]>
              </value>
            </param>
          </params>
          <exception class="java.lang.AssertionError">
            <message>
              <![CDATA[Product price does not match expected [27595.00] but found [27078.00]]]>
            </message>
            <full-stacktrace>
              <![CDATA[java.lang.AssertionError: Product price does not match expected [27595.00] but found [27078.00]
at org.testng.Assert.fail(Assert.java:111)
at org.testng.Assert.failNotEquals(Assert.java:1578)
at org.testng.Assert.assertEqualsImpl(Assert.java:150)
at org.testng.Assert.assertEquals(Assert.java:132)
at tests.ProductsPageTest.verifyProductDetails(ProductsPageTest.java:178)
at java.base/jdk.internal.reflect.NativeMethodAccessorImpl.invoke0(Native Method)
at java.base/jdk.internal.reflect.NativeMethodAccessorImpl.invoke(NativeMethodAccessorImpl.java:62)
at java.base/jdk.internal.reflect.DelegatingMethodAccessorImpl.invoke(DelegatingMethodAccessorImpl.java:43)
at java.base/java.lang.reflect.Method.invoke(Method.java:566)
at org.testng.internal.invokers.MethodInvocationHelper.invokeMethod(MethodInvocationHelper.java:141)
at org.testng.internal.invokers.TestInvoker.invokeMethod(TestInvoker.java:686)
at org.testng.internal.invokers.TestInvoker.invokeTestMethod(TestInvoker.java:230)
at org.testng.internal.invokers.MethodRunner.runInSequence(MethodRunner.java:63)
at org.testng.internal.invokers.TestInvoker$MethodInvocationAgent.invoke(TestInvoker.java:992)
at org.testng.internal.invokers.TestInvoker.invokeTestMethods(TestInvoker.java:203)
at org.testng.internal.invokers.TestMethodWorker.invokeTestMethods(TestMethodWorker.java:154)
at org.testng.internal.invokers.TestMethodWorker.run(TestMethodWorker.java:134)
at java.base/java.util.ArrayList.forEach(ArrayList.java:1541)
at org.testng.TestRunner.privateRun(TestRunner.java:739)
at org.testng.TestRunner.run(TestRunner.java:614)
at org.testng.SuiteRunner.runTest(SuiteRunner.java:421)
at org.testng.SuiteRunner.runSequentially(SuiteRunner.java:413)
at org.testng.SuiteRunner.privateRun(SuiteRunner.java:373)
at org.testng.SuiteRunner.run(SuiteRunner.java:312)
at org.testng.SuiteRunnerWorker.runSuite(SuiteRunnerWorker.java:52)
at org.testng.SuiteRunnerWorker.run(SuiteRunnerWorker.java:95)
at org.testng.TestNG.runSuitesSequentially(TestNG.java:1274)
at org.testng.TestNG.runSuitesLocally(TestNG.java:1208)
at org.testng.TestNG.runSuites(TestNG.java:1112)
at org.testng.TestNG.run(TestNG.java:1079)
at org.testng.remote.AbstractRemoteTestNG.run(AbstractRemoteTestNG.java:115)
at org.testng.remote.RemoteTestNG.initAndRun(RemoteTestNG.java:293)
at org.testng.remote.RemoteTestNG.main(RemoteTestNG.java:91)
]]>
            </full-stacktrace>
          </exception> <!-- java.lang.AssertionError -->
          <reporter-output>
          </reporter-output>
        </test-method> <!-- verifyProductDetails -->
        <test-method signature="verifyProductDetails(java.lang.String,java.lang.String,java.lang.String,java.lang.String,java.lang.String,java.lang.String,java.lang.String)[pri:9, instance:tests.ProductsPageTest@12cd9150]" started-at="2024-08-21T15:12:28 SAST" name="verifyProductDetails" data-provider="productSearchData" finished-at="2024-08-21T15:12:54 SAST" duration-ms="26315" status="PASS">
          <params>
            <param index="0">
              <value>
                <![CDATA[Apex - Marine Luxury Men's Leather Watch]]>
              </value>
            </param>
            <param index="1">
              <value>
                <![CDATA[Apex]]>
              </value>
            </param>
            <param index="2">
              <value>
                <![CDATA[850.0]]>
              </value>
            </param>
            <param index="3">
              <value>
                <![CDATA[5.0]]>
              </value>
            </param>
            <param index="4">
              <value>
                <![CDATA[4.0]]>
              </value>
            </param>
            <param index="5">
              <value>
                <![CDATA[Watches and accessories]]>
              </value>
            </param>
            <param index="6">
              <value>
                <![CDATA[yes]]>
              </value>
            </param>
          </params>
          <reporter-output>
          </reporter-output>
        </test-method> <!-- verifyProductDetails -->
        <test-method signature="verifyProductDetails(java.lang.String,java.lang.String,java.lang.String,java.lang.String,java.lang.String,java.lang.String,java.lang.String)[pri:9, instance:tests.ProductsPageTest@12cd9150]" started-at="2024-08-21T15:12:54 SAST" name="verifyProductDetails" data-provider="productSearchData" finished-at="2024-08-21T15:13:15 SAST" duration-ms="20462" status="PASS">
          <params>
            <param index="0">
              <value>
                <![CDATA[Fujifilm Instax Mini 12 Camera + Case and Film]]>
              </value>
            </param>
            <param index="1">
              <value>
                <![CDATA[Fujifilm Instax]]>
              </value>
            </param>
            <param index="2">
              <value>
                <![CDATA[1999.0]]>
              </value>
            </param>
            <param index="3">
              <value>
                <![CDATA[4.8]]>
              </value>
            </param>
            <param index="4">
              <value>
                <![CDATA[120.0]]>
              </value>
            </param>
            <param index="5">
              <value>
                <![CDATA[Cameras]]>
              </value>
            </param>
            <param index="6">
              <value>
                <![CDATA[yes]]>
              </value>
            </param>
          </params>
          <reporter-output>
          </reporter-output>
        </test-method> <!-- verifyProductDetails -->
        <test-method signature="verifyProductDetails(java.lang.String,java.lang.String,java.lang.String,java.lang.String,java.lang.String,java.lang.String,java.lang.String)[pri:9, instance:tests.ProductsPageTest@12cd9150]" started-at="2024-08-21T15:13:15 SAST" name="verifyProductDetails" data-provider="productSearchData" finished-at="2024-08-21T15:13:43 SAST" duration-ms="27920" status="PASS">
          <params>
            <param index="0">
              <value>
                <![CDATA[Fender Squier SA-105CE Acoustic Electric Guitar]]>
              </value>
            </param>
            <param index="1">
              <value>
                <![CDATA[Squier]]>
              </value>
            </param>
            <param index="2">
              <value>
                <![CDATA[3495.0]]>
              </value>
            </param>
            <param index="3">
              <value>
                <![CDATA[4.2]]>
              </value>
            </param>
            <param index="4">
              <value>
                <![CDATA[4.0]]>
              </value>
            </param>
            <param index="5">
              <value>
                <![CDATA[Music]]>
              </value>
            </param>
            <param index="6">
              <value>
                <![CDATA[yes]]>
              </value>
            </param>
          </params>
          <reporter-output>
          </reporter-output>
        </test-method> <!-- verifyProductDetails -->
        <test-method signature="verifyProductAddToCart()[pri:10, instance:tests.ProductsPageTest@12cd9150]" started-at="2024-08-21T15:13:43 SAST" name="verifyProductAddToCart" finished-at="2024-08-21T15:14:02 SAST" duration-ms="19269" status="PASS">
          <reporter-output>
          </reporter-output>
        </test-method> <!-- verifyProductAddToCart -->
        <test-method is-config="true" signature="tearDown()[pri:0, instance:tests.ProductsPageTest@12cd9150]" started-at="2024-08-21T15:14:02 SAST" name="tearDown" finished-at="2024-08-21T15:14:04 SAST" duration-ms="1718" status="PASS">
          <reporter-output>
          </reporter-output>
        </test-method> <!-- tearDown -->
      </class> <!-- tests.ProductsPageTest -->
      <class name="tests.HomePageTest">
        <test-method is-config="true" signature="setUp()[pri:0, instance:tests.HomePageTest@460f76a6]" started-at="2024-08-21T15:08:58 SAST" name="setUp" finished-at="2024-08-21T15:09:06 SAST" duration-ms="7875" status="PASS">
          <reporter-output>
          </reporter-output>
        </test-method> <!-- setUp -->
        <test-method signature="verifyTitle()[pri:0, instance:tests.HomePageTest@460f76a6]" started-at="2024-08-21T15:09:06 SAST" name="verifyTitle" finished-at="2024-08-21T15:09:10 SAST" duration-ms="4447" status="PASS">
          <reporter-output>
          </reporter-output>
        </test-method> <!-- verifyTitle -->
        <test-method signature="verifyNavigateToRegister()[pri:11, instance:tests.HomePageTest@460f76a6]" started-at="2024-08-21T15:09:10 SAST" name="verifyNavigateToRegister" finished-at="2024-08-21T15:09:14 SAST" duration-ms="3526" status="PASS">
          <reporter-output>
          </reporter-output>
        </test-method> <!-- verifyNavigateToRegister -->
        <test-method signature="verifyNavigateToLogin()[pri:12, instance:tests.HomePageTest@460f76a6]" started-at="2024-08-21T15:09:14 SAST" name="verifyNavigateToLogin" finished-at="2024-08-21T15:09:17 SAST" duration-ms="2864" status="PASS">
          <reporter-output>
          </reporter-output>
        </test-method> <!-- verifyNavigateToLogin -->
        <test-method signature="verifyNavigateToCart()[pri:13, instance:tests.HomePageTest@460f76a6]" started-at="2024-08-21T15:09:17 SAST" name="verifyNavigateToCart" finished-at="2024-08-21T15:09:22 SAST" duration-ms="4848" status="PASS">
          <reporter-output>
          </reporter-output>
        </test-method> <!-- verifyNavigateToCart -->
        <test-method signature="verifySearchFunctionality(java.lang.String,java.lang.String,java.lang.String)[pri:14, instance:tests.HomePageTest@460f76a6]" started-at="2024-08-21T15:09:26 SAST" name="verifySearchFunctionality" data-provider="searchData" finished-at="2024-08-21T15:09:33 SAST" duration-ms="7705" status="PASS">
          <params>
            <param index="0">
              <value>
                <![CDATA[TC001]]>
              </value>
            </param>
            <param index="1">
              <value>
                <![CDATA[iphone]]>
              </value>
            </param>
            <param index="2">
              <value>
                <![CDATA[results-page]]>
              </value>
            </param>
          </params>
          <reporter-output>
          </reporter-output>
        </test-method> <!-- verifySearchFunctionality -->
        <test-method signature="verifySearchFunctionality(java.lang.String,java.lang.String,java.lang.String)[pri:14, instance:tests.HomePageTest@460f76a6]" started-at="2024-08-21T15:09:33 SAST" name="verifySearchFunctionality" data-provider="searchData" finished-at="2024-08-21T15:09:39 SAST" duration-ms="6114" status="PASS">
          <params>
            <param index="0">
              <value>
                <![CDATA[TC002]]>
              </value>
            </param>
            <param index="1">
              <value>
                <![CDATA[Wireless Earbuds]]>
              </value>
            </param>
            <param index="2">
              <value>
                <![CDATA[results-page]]>
              </value>
            </param>
          </params>
          <reporter-output>
          </reporter-output>
        </test-method> <!-- verifySearchFunctionality -->
        <test-method signature="verifySearchFunctionality(java.lang.String,java.lang.String,java.lang.String)[pri:14, instance:tests.HomePageTest@460f76a6]" started-at="2024-08-21T15:09:40 SAST" name="verifySearchFunctionality" data-provider="searchData" finished-at="2024-08-21T15:09:46 SAST" duration-ms="6316" status="PASS">
          <params>
            <param index="0">
              <value>
                <![CDATA[TC003]]>
              </value>
            </param>
            <param index="1">
              <value>
                <![CDATA[monitor]]>
              </value>
            </param>
            <param index="2">
              <value>
                <![CDATA[results-page]]>
              </value>
            </param>
          </params>
          <reporter-output>
          </reporter-output>
        </test-method> <!-- verifySearchFunctionality -->
        <test-method signature="verifySearchFunctionality(java.lang.String,java.lang.String,java.lang.String)[pri:14, instance:tests.HomePageTest@460f76a6]" started-at="2024-08-21T15:09:46 SAST" name="verifySearchFunctionality" data-provider="searchData" finished-at="2024-08-21T15:09:52 SAST" duration-ms="6374" status="PASS">
          <params>
            <param index="0">
              <value>
                <![CDATA[TC004]]>
              </value>
            </param>
            <param index="1">
              <value>
                <![CDATA[IPHONE 15]]>
              </value>
            </param>
            <param index="2">
              <value>
                <![CDATA[results-page]]>
              </value>
            </param>
          </params>
          <reporter-output>
          </reporter-output>
        </test-method> <!-- verifySearchFunctionality -->
        <test-method signature="verifySearchFunctionality(java.lang.String,java.lang.String,java.lang.String)[pri:14, instance:tests.HomePageTest@460f76a6]" started-at="2024-08-21T15:09:52 SAST" name="verifySearchFunctionality" data-provider="searchData" finished-at="2024-08-21T15:09:59 SAST" duration-ms="7021" status="PASS">
          <params>
            <param index="0">
              <value>
                <![CDATA[TC005]]>
              </value>
            </param>
            <param index="1">
              <value>
                <![CDATA[iphone 15]]>
              </value>
            </param>
            <param index="2">
              <value>
                <![CDATA[results-page]]>
              </value>
            </param>
          </params>
          <reporter-output>
          </reporter-output>
        </test-method> <!-- verifySearchFunctionality -->
        <test-method signature="verifySearchFunctionality(java.lang.String,java.lang.String,java.lang.String)[pri:14, instance:tests.HomePageTest@460f76a6]" started-at="2024-08-21T15:09:59 SAST" name="verifySearchFunctionality" data-provider="searchData" finished-at="2024-08-21T15:10:10 SAST" duration-ms="10573" status="PASS">
          <params>
            <param index="0">
              <value>
                <![CDATA[TC006]]>
              </value>
            </param>
            <param index="1">
              <value>
                <![CDATA[]]>
              </value>
            </param>
            <param index="2">
              <value>
                <![CDATA[default-page]]>
              </value>
            </param>
          </params>
          <reporter-output>
          </reporter-output>
        </test-method> <!-- verifySearchFunctionality -->
        <test-method signature="verifySearchFunctionality(java.lang.String,java.lang.String,java.lang.String)[pri:14, instance:tests.HomePageTest@460f76a6]" started-at="2024-08-21T15:10:10 SAST" name="verifySearchFunctionality" data-provider="searchData" finished-at="2024-08-21T15:10:17 SAST" duration-ms="7336" status="PASS">
          <params>
            <param index="0">
              <value>
                <![CDATA[TC007]]>
              </value>
            </param>
            <param index="1">
              <value>
                <![CDATA[!/*][#$&]]>
              </value>
            </param>
            <param index="2">
              <value>
                <![CDATA[default-page]]>
              </value>
            </param>
          </params>
          <reporter-output>
          </reporter-output>
        </test-method> <!-- verifySearchFunctionality -->
        <test-method signature="verifySearchFunctionality(java.lang.String,java.lang.String,java.lang.String)[pri:14, instance:tests.HomePageTest@460f76a6]" started-at="2024-08-21T15:10:17 SAST" name="verifySearchFunctionality" data-provider="searchData" finished-at="2024-08-21T15:10:37 SAST" duration-ms="20151" status="PASS">
          <params>
            <param index="0">
              <value>
                <![CDATA[TC008]]>
              </value>
            </param>
            <param index="1">
              <value>
                <![CDATA[aaaaaaaaaaaaaaaaaaaaaaaaaaaaaaaaaaaaaaaaaaaaaaaaaaaaaaaaaaaaaaaaaaaaaaaaaaaaaaaaaaaaaaaaaaaaaaaaaaaaaaaaaaaaaaaaaa]]>
              </value>
            </param>
            <param index="2">
              <value>
                <![CDATA[empty-results-page]]>
              </value>
            </param>
          </params>
          <reporter-output>
          </reporter-output>
        </test-method> <!-- verifySearchFunctionality -->
        <test-method signature="verifySearchFunctionality(java.lang.String,java.lang.String,java.lang.String)[pri:14, instance:tests.HomePageTest@460f76a6]" started-at="2024-08-21T15:10:37 SAST" name="verifySearchFunctionality" data-provider="searchData" finished-at="2024-08-21T15:10:57 SAST" duration-ms="19998" status="PASS">
          <params>
            <param index="0">
              <value>
                <![CDATA[TC009]]>
              </value>
            </param>
            <param index="1">
              <value>
                <![CDATA[XYZ123NonExistent]]>
              </value>
            </param>
            <param index="2">
              <value>
                <![CDATA[empty-results-page]]>
              </value>
            </param>
          </params>
          <reporter-output>
          </reporter-output>
        </test-method> <!-- verifySearchFunctionality -->
        <test-method signature="verifySearchFunctionality(java.lang.String,java.lang.String,java.lang.String)[pri:14, instance:tests.HomePageTest@460f76a6]" started-at="2024-08-21T15:10:57 SAST" name="verifySearchFunctionality" data-provider="searchData" finished-at="2024-08-21T15:11:19 SAST" duration-ms="21852" status="PASS">
          <params>
            <param index="0">
              <value>
                <![CDATA[TC010]]>
              </value>
            </param>
            <param index="1">
              <value>
                <![CDATA[gibharish-uhjbjk]]>
              </value>
            </param>
            <param index="2">
              <value>
                <![CDATA[empty-results-page]]>
              </value>
            </param>
          </params>
          <reporter-output>
          </reporter-output>
        </test-method> <!-- verifySearchFunctionality -->
        <test-method is-config="true" signature="tearDown()[pri:0, instance:tests.HomePageTest@460f76a6]" started-at="2024-08-21T15:11:19 SAST" name="tearDown" finished-at="2024-08-21T15:11:21 SAST" duration-ms="1926" status="PASS">
          <reporter-output>
          </reporter-output>
        </test-method> <!-- tearDown -->
      </class> <!-- tests.HomePageTest -->
      <class name="tests.RegistrationPageTest">
        <test-method is-config="true" signature="setUp()[pri:0, instance:tests.RegistrationPageTest@114a85c2]" started-at="2024-08-21T15:14:04 SAST" name="setUp" finished-at="2024-08-21T15:14:12 SAST" duration-ms="8377" status="PASS">
          <reporter-output>
          </reporter-output>
        </test-method> <!-- setUp -->
        <test-method signature="verifyRegistration(java.lang.String,java.lang.String,java.lang.String,java.lang.String,java.lang.String,java.lang.String,java.lang.String,java.lang.String)[pri:16, instance:tests.RegistrationPageTest@114a85c2]" started-at="2024-08-21T15:14:16 SAST" name="verifyRegistration" data-provider="registrationData" finished-at="2024-08-21T15:14:25 SAST" duration-ms="8782" status="PASS">
          <params>
            <param index="0">
              <value>
                <![CDATA[TC001]]>
              </value>
            </param>
            <param index="1">
              <value>
                <![CDATA[John]]>
              </value>
            </param>
            <param index="2">
              <value>
                <![CDATA[Doe]]>
              </value>
            </param>
            <param index="3">
              <value>
                <![CDATA[john.doe@gmail.com]]>
              </value>
            </param>
            <param index="4">
              <value>
                <![CDATA[P@ssw0rd]]>
              </value>
            </param>
            <param index="5">
              <value>
                <![CDATA[0612345679]]>
              </value>
            </param>
            <param index="6">
              <value>
                <![CDATA[This email address is already registered on takealot.com]]>
              </value>
            </param>
            <param index="7">
              <value>
                <![CDATA[yes]]>
              </value>
            </param>
          </params>
          <reporter-output>
          </reporter-output>
        </test-method> <!-- verifyRegistration -->
        <test-method signature="verifyRegistration(java.lang.String,java.lang.String,java.lang.String,java.lang.String,java.lang.String,java.lang.String,java.lang.String,java.lang.String)[pri:16, instance:tests.RegistrationPageTest@114a85c2]" started-at="2024-08-21T15:14:25 SAST" name="verifyRegistration" data-provider="registrationData" finished-at="2024-08-21T15:14:38 SAST" duration-ms="13273" status="PASS">
          <params>
            <param index="0">
              <value>
                <![CDATA[TC002]]>
              </value>
            </param>
            <param index="1">
              <value>
                <![CDATA[John]]>
              </value>
            </param>
            <param index="2">
              <value>
                <![CDATA[Doe]]>
              </value>
            </param>
            <param index="3">
              <value>
                <![CDATA[jon.doe@gmail.com]]>
              </value>
            </param>
            <param index="4">
              <value>
                <![CDATA[P@ssw0rd]]>
              </value>
            </param>
            <param index="5">
              <value>
                <![CDATA[0612345679]]>
              </value>
            </param>
            <param index="6">
              <value>
                <![CDATA[Success]]>
              </value>
            </param>
            <param index="7">
              <value>
                <![CDATA[yes]]>
              </value>
            </param>
          </params>
          <reporter-output>
          </reporter-output>
        </test-method> <!-- verifyRegistration -->
        <test-method signature="verifyRegistration(java.lang.String,java.lang.String,java.lang.String,java.lang.String,java.lang.String,java.lang.String,java.lang.String,java.lang.String)[pri:16, instance:tests.RegistrationPageTest@114a85c2]" started-at="2024-08-21T15:14:38 SAST" name="verifyRegistration" data-provider="registrationData" finished-at="2024-08-21T15:14:46 SAST" duration-ms="7784" status="PASS">
          <params>
            <param index="0">
              <value>
                <![CDATA[TC003]]>
              </value>
            </param>
            <param index="1">
              <value>
                <![CDATA[John]]>
              </value>
            </param>
            <param index="2">
              <value is-null="true"/>
            </param>
            <param index="3">
              <value>
                <![CDATA[jon.doe@gmail.com]]>
              </value>
            </param>
            <param index="4">
              <value>
                <![CDATA[P@ssw0rd]]>
              </value>
            </param>
            <param index="5">
              <value>
                <![CDATA[012345679]]>
              </value>
            </param>
            <param index="6">
              <value>
                <![CDATA[Please enter your last name]]>
              </value>
            </param>
            <param index="7">
              <value>
                <![CDATA[yes]]>
              </value>
            </param>
          </params>
          <reporter-output>
          </reporter-output>
        </test-method> <!-- verifyRegistration -->
        <test-method signature="verifyRegistration(java.lang.String,java.lang.String,java.lang.String,java.lang.String,java.lang.String,java.lang.String,java.lang.String,java.lang.String)[pri:16, instance:tests.RegistrationPageTest@114a85c2]" started-at="2024-08-21T15:14:46 SAST" name="verifyRegistration" data-provider="registrationData" finished-at="2024-08-21T15:14:54 SAST" duration-ms="7975" status="PASS">
          <params>
            <param index="0">
              <value>
                <![CDATA[TC004]]>
              </value>
            </param>
            <param index="1">
              <value is-null="true"/>
            </param>
            <param index="2">
              <value>
                <![CDATA[Doe]]>
              </value>
            </param>
            <param index="3">
              <value>
                <![CDATA[jon.doe@gmail.com]]>
              </value>
            </param>
            <param index="4">
              <value>
                <![CDATA[P@ssw0rd]]>
              </value>
            </param>
            <param index="5">
              <value>
                <![CDATA[012345680]]>
              </value>
            </param>
            <param index="6">
              <value>
                <![CDATA[Please enter your first name]]>
              </value>
            </param>
            <param index="7">
              <value>
                <![CDATA[yes]]>
              </value>
            </param>
          </params>
          <reporter-output>
          </reporter-output>
        </test-method> <!-- verifyRegistration -->
        <test-method signature="verifyRegistration(java.lang.String,java.lang.String,java.lang.String,java.lang.String,java.lang.String,java.lang.String,java.lang.String,java.lang.String)[pri:16, instance:tests.RegistrationPageTest@114a85c2]" started-at="2024-08-21T15:14:54 SAST" name="verifyRegistration" data-provider="registrationData" finished-at="2024-08-21T15:15:02 SAST" duration-ms="8032" status="PASS">
          <params>
            <param index="0">
              <value>
                <![CDATA[TC005]]>
              </value>
            </param>
            <param index="1">
              <value>
                <![CDATA[John]]>
              </value>
            </param>
            <param index="2">
              <value>
                <![CDATA[Doe]]>
              </value>
            </param>
            <param index="3">
              <value>
                <![CDATA[invalid-email]]>
              </value>
            </param>
            <param index="4">
              <value>
                <![CDATA[P@ssw0rd]]>
              </value>
            </param>
            <param index="5">
              <value>
                <![CDATA[012345681]]>
              </value>
            </param>
            <param index="6">
              <value>
                <![CDATA[Please enter a valid email address]]>
              </value>
            </param>
            <param index="7">
              <value>
                <![CDATA[yes]]>
              </value>
            </param>
          </params>
          <reporter-output>
          </reporter-output>
        </test-method> <!-- verifyRegistration -->
        <test-method signature="verifyRegistration(java.lang.String,java.lang.String,java.lang.String,java.lang.String,java.lang.String,java.lang.String,java.lang.String,java.lang.String)[pri:16, instance:tests.RegistrationPageTest@114a85c2]" started-at="2024-08-21T15:15:02 SAST" name="verifyRegistration" data-provider="registrationData" finished-at="2024-08-21T15:15:10 SAST" duration-ms="7977" status="PASS">
          <params>
            <param index="0">
              <value>
                <![CDATA[TC006]]>
              </value>
            </param>
            <param index="1">
              <value>
                <![CDATA[John]]>
              </value>
            </param>
            <param index="2">
              <value>
                <![CDATA[Doe]]>
              </value>
            </param>
            <param index="3">
              <value>
                <![CDATA[jon.doe@gmail.com]]>
              </value>
            </param>
            <param index="4">
              <value>
                <![CDATA[short]]>
              </value>
            </param>
            <param index="5">
              <value>
                <![CDATA[012345682]]>
              </value>
            </param>
            <param index="6">
              <value>
                <![CDATA[Password must be at least 8 characters and 1 special character or number]]>
              </value>
            </param>
            <param index="7">
              <value>
                <![CDATA[yes]]>
              </value>
            </param>
          </params>
          <reporter-output>
          </reporter-output>
        </test-method> <!-- verifyRegistration -->
        <test-method signature="verifyRegistration(java.lang.String,java.lang.String,java.lang.String,java.lang.String,java.lang.String,java.lang.String,java.lang.String,java.lang.String)[pri:16, instance:tests.RegistrationPageTest@114a85c2]" started-at="2024-08-21T15:15:10 SAST" name="verifyRegistration" data-provider="registrationData" finished-at="2024-08-21T15:15:18 SAST" duration-ms="8013" status="PASS">
          <params>
            <param index="0">
              <value>
                <![CDATA[TC007]]>
              </value>
            </param>
            <param index="1">
              <value>
                <![CDATA[John]]>
              </value>
            </param>
            <param index="2">
              <value>
                <![CDATA[Doe]]>
              </value>
            </param>
            <param index="3">
              <value>
                <![CDATA[jon.doe@gmail.com]]>
              </value>
            </param>
            <param index="4">
              <value>
                <![CDATA[]]>
              </value>
            </param>
            <param index="5">
              <value>
                <![CDATA[012345683]]>
              </value>
            </param>
            <param index="6">
              <value>
                <![CDATA[Please enter a password]]>
              </value>
            </param>
            <param index="7">
              <value>
                <![CDATA[yes]]>
              </value>
            </param>
          </params>
          <reporter-output>
          </reporter-output>
        </test-method> <!-- verifyRegistration -->
        <test-method signature="verifyRegistration(java.lang.String,java.lang.String,java.lang.String,java.lang.String,java.lang.String,java.lang.String,java.lang.String,java.lang.String)[pri:16, instance:tests.RegistrationPageTest@114a85c2]" started-at="2024-08-21T15:15:18 SAST" name="verifyRegistration" data-provider="registrationData" finished-at="2024-08-21T15:15:27 SAST" duration-ms="9047" status="PASS">
          <params>
            <param index="0">
              <value>
                <![CDATA[TC008]]>
              </value>
            </param>
            <param index="1">
              <value>
                <![CDATA[John]]>
              </value>
            </param>
            <param index="2">
              <value>
                <![CDATA[Doe]]>
              </value>
            </param>
            <param index="3">
              <value>
                <![CDATA[]]>
              </value>
            </param>
            <param index="4">
              <value>
                <![CDATA[P@ssw0rd]]>
              </value>
            </param>
            <param index="5">
              <value>
                <![CDATA[012345684]]>
              </value>
            </param>
            <param index="6">
              <value>
                <![CDATA[Please enter your email address]]>
              </value>
            </param>
            <param index="7">
              <value>
                <![CDATA[yes]]>
              </value>
            </param>
          </params>
          <reporter-output>
          </reporter-output>
        </test-method> <!-- verifyRegistration -->
        <test-method signature="verifyRegistration(java.lang.String,java.lang.String,java.lang.String,java.lang.String,java.lang.String,java.lang.String,java.lang.String,java.lang.String)[pri:16, instance:tests.RegistrationPageTest@114a85c2]" started-at="2024-08-21T15:15:27 SAST" name="verifyRegistration" data-provider="registrationData" finished-at="2024-08-21T15:15:41 SAST" duration-ms="14383" status="PASS">
          <params>
            <param index="0">
              <value>
                <![CDATA[TC009]]>
              </value>
            </param>
            <param index="1">
              <value>
                <![CDATA[John]]>
              </value>
            </param>
            <param index="2">
              <value>
                <![CDATA[Doe]]>
              </value>
            </param>
            <param index="3">
              <value>
                <![CDATA[jon.doe@gmail.com]]>
              </value>
            </param>
            <param index="4">
              <value>
                <![CDATA[P@ssw0rd]]>
              </value>
            </param>
            <param index="5">
              <value>
                <![CDATA[012345]]>
              </value>
            </param>
            <param index="6">
              <value>
                <![CDATA[Please enter a 9 or 10-digit SA mobile number]]>
              </value>
            </param>
            <param index="7">
              <value>
                <![CDATA[yes]]>
              </value>
            </param>
          </params>
          <reporter-output>
          </reporter-output>
        </test-method> <!-- verifyRegistration -->
        <test-method signature="verifyRegistration(java.lang.String,java.lang.String,java.lang.String,java.lang.String,java.lang.String,java.lang.String,java.lang.String,java.lang.String)[pri:16, instance:tests.RegistrationPageTest@114a85c2]" started-at="2024-08-21T15:15:41 SAST" name="verifyRegistration" data-provider="registrationData" finished-at="2024-08-21T15:15:49 SAST" duration-ms="7823" status="PASS">
          <params>
            <param index="0">
              <value>
                <![CDATA[TC010]]>
              </value>
            </param>
            <param index="1">
              <value>
                <![CDATA[John]]>
              </value>
            </param>
            <param index="2">
              <value>
                <![CDATA[Doe]]>
              </value>
            </param>
            <param index="3">
              <value>
                <![CDATA[jon.doe@gmail.com]]>
              </value>
            </param>
            <param index="4">
              <value>
                <![CDATA[P@ssw0rd]]>
              </value>
            </param>
            <param index="5">
              <value>
                <![CDATA[]]>
              </value>
            </param>
            <param index="6">
              <value>
                <![CDATA[Mobile number must be at least 10 digits]]>
              </value>
            </param>
            <param index="7">
              <value>
                <![CDATA[yes]]>
              </value>
            </param>
          </params>
          <reporter-output>
          </reporter-output>
        </test-method> <!-- verifyRegistration -->
        <test-method signature="verifyRegistration(java.lang.String,java.lang.String,java.lang.String,java.lang.String,java.lang.String,java.lang.String,java.lang.String,java.lang.String)[pri:16, instance:tests.RegistrationPageTest@114a85c2]" started-at="2024-08-21T15:15:49 SAST" name="verifyRegistration" data-provider="registrationData" finished-at="2024-08-21T15:15:58 SAST" duration-ms="8408" status="PASS">
          <params>
            <param index="0">
              <value>
                <![CDATA[TC011]]>
              </value>
            </param>
            <param index="1">
              <value>
                <![CDATA[John]]>
              </value>
            </param>
            <param index="2">
              <value>
                <![CDATA[Doe]]>
              </value>
            </param>
            <param index="3">
              <value>
                <![CDATA[jon.doe@gmail.com]]>
              </value>
            </param>
            <param index="4">
              <value>
                <![CDATA[P@ssw0rd]]>
              </value>
            </param>
            <param index="5">
              <value>
                <![CDATA[123456789]]>
              </value>
            </param>
            <param index="6">
              <value>
                <![CDATA[Please enter a 9 or 10-digit SA mobile number]]>
              </value>
            </param>
            <param index="7">
              <value>
                <![CDATA[yes]]>
              </value>
            </param>
          </params>
          <reporter-output>
          </reporter-output>
        </test-method> <!-- verifyRegistration -->
        <test-method is-config="true" signature="tearDown()[pri:0, instance:tests.RegistrationPageTest@114a85c2]" started-at="2024-08-21T15:15:58 SAST" name="tearDown" finished-at="2024-08-21T15:15:59 SAST" duration-ms="1418" status="PASS">
          <reporter-output>
          </reporter-output>
        </test-method> <!-- tearDown -->
      </class> <!-- tests.RegistrationPageTest -->
      <class name="tests.LoginPageTest">
        <test-method is-config="true" signature="setUp()[pri:0, instance:tests.LoginPageTest@f415a95]" started-at="2024-08-21T15:15:59 SAST" name="setUp" finished-at="2024-08-21T15:16:07 SAST" duration-ms="7573" status="PASS">
          <reporter-output>
          </reporter-output>
        </test-method> <!-- setUp -->
        <test-method signature="verifyLogin(java.lang.String,java.lang.String,java.lang.String,java.lang.String,java.lang.String)[pri:15, instance:tests.LoginPageTest@f415a95]" started-at="2024-08-21T15:16:08 SAST" name="verifyLogin" data-provider="loginData" finished-at="2024-08-21T15:16:13 SAST" duration-ms="5246" status="PASS">
          <params>
            <param index="0">
              <value>
                <![CDATA[TC001]]>
              </value>
            </param>
            <param index="1">
              <value>
                <![CDATA[]]>
              </value>
            </param>
            <param index="2">
              <value>
                <![CDATA[P@ssw0rd]]>
              </value>
            </param>
            <param index="3">
              <value>
                <![CDATA[Please fill in your email address]]>
              </value>
            </param>
            <param index="4">
              <value>
                <![CDATA[yes]]>
              </value>
            </param>
          </params>
          <reporter-output>
          </reporter-output>
        </test-method> <!-- verifyLogin -->
        <test-method signature="verifyLogin(java.lang.String,java.lang.String,java.lang.String,java.lang.String,java.lang.String)[pri:15, instance:tests.LoginPageTest@f415a95]" started-at="2024-08-21T15:16:13 SAST" name="verifyLogin" data-provider="loginData" finished-at="2024-08-21T15:16:17 SAST" duration-ms="4465" status="PASS">
          <params>
            <param index="0">
              <value>
                <![CDATA[TC002]]>
              </value>
            </param>
            <param index="1">
              <value>
                <![CDATA[john.doe@gmail.com]]>
              </value>
            </param>
            <param index="2">
              <value is-null="true"/>
            </param>
            <param index="3">
              <value>
                <![CDATA[Please enter a password]]>
              </value>
            </param>
            <param index="4">
              <value>
                <![CDATA[yes]]>
              </value>
            </param>
          </params>
          <reporter-output>
          </reporter-output>
        </test-method> <!-- verifyLogin -->
        <test-method signature="verifyLogin(java.lang.String,java.lang.String,java.lang.String,java.lang.String,java.lang.String)[pri:15, instance:tests.LoginPageTest@f415a95]" started-at="2024-08-21T15:16:17 SAST" name="verifyLogin" data-provider="loginData" finished-at="2024-08-21T15:16:34 SAST" duration-ms="16184" status="PASS">
          <params>
            <param index="0">
              <value>
                <![CDATA[TC003]]>
              </value>
            </param>
            <param index="1">
              <value>
                <![CDATA[jon.doe@gmail.com]]>
              </value>
            </param>
            <param index="2">
              <value>
                <![CDATA[P@ssw0rd]]>
              </value>
            </param>
            <param index="3">
              <value>
                <![CDATA[Incorrect Email or Password. Please try again and ensure Caps Lock is not enabled.]]>
              </value>
            </param>
            <param index="4">
              <value>
                <![CDATA[yes]]>
              </value>
            </param>
          </params>
          <reporter-output>
          </reporter-output>
        </test-method> <!-- verifyLogin -->
        <test-method signature="verifyLogin(java.lang.String,java.lang.String,java.lang.String,java.lang.String,java.lang.String)[pri:15, instance:tests.LoginPageTest@f415a95]" started-at="2024-08-21T15:16:34 SAST" name="verifyLogin" data-provider="loginData" finished-at="2024-08-21T15:16:50 SAST" duration-ms="16058" status="PASS">
          <params>
            <param index="0">
              <value>
                <![CDATA[TC004]]>
              </value>
            </param>
            <param index="1">
              <value>
                <![CDATA[john.doe@gmail.com]]>
              </value>
            </param>
            <param index="2">
              <value>
                <![CDATA[P@ssw0rd]]>
              </value>
            </param>
            <param index="3">
              <value>
                <![CDATA[Incorrect Email or Password. Please try again and ensure Caps Lock is not enabled.]]>
              </value>
            </param>
            <param index="4">
              <value>
                <![CDATA[yes]]>
              </value>
            </param>
          </params>
          <reporter-output>
          </reporter-output>
        </test-method> <!-- verifyLogin -->
        <test-method is-config="true" signature="tearDown()[pri:0, instance:tests.LoginPageTest@f415a95]" started-at="2024-08-21T15:16:50 SAST" name="tearDown" finished-at="2024-08-21T15:16:51 SAST" duration-ms="1229" status="PASS">
          <reporter-output>
          </reporter-output>
        </test-method> <!-- tearDown -->
      </class> <!-- tests.LoginPageTest -->
    </test> <!-- Takealot Automation Tests -->
  </suite> <!-- Takealot Suite -->
</testng-results>
